Jun 02, 2020 7:55:35 PM gui.log newInfo
INFO: P0, 1: WRITE 1111; 1645

Jun 02, 2020 7:55:35 PM gui.log newInfo
INFO: P0, 0: WRITE 1001; 32d2

Jun 02, 2020 7:55:35 PM gui.log newInfo
INFO: P1, 0: WRITE 1001; 7458

Jun 02, 2020 7:55:35 PM gui.log newInfo
INFO: P1, 1: READ 0001; 

Jun 02, 2020 7:55:35 PM gui.log newInfo
INFO: WRITE from chip 0 core 1

Jun 02, 2020 7:55:35 PM gui.log newInfo
INFO: WRITE from chip 0 core 0

Jun 02, 2020 7:55:35 PM gui.log newInfo
INFO: WRITE from chip 1 core 0

Jun 02, 2020 7:55:35 PM gui.log newInfo
INFO: READ MISS on L1 from chip 1 core 1

Jun 02, 2020 7:55:35 PM gui.log newInfo
INFO: Try to get data from L2 of 1 core 1

Jun 02, 2020 7:55:38 PM gui.log newInfo
INFO: Searching on first L2 from 1 core 1

Jun 02, 2020 7:55:38 PM gui.log newInfo
INFO: Data from chip 1 core 1 not found in L2

Jun 02, 2020 7:55:38 PM gui.log newInfo
INFO: Searching on second L2 from 1 core 1

Jun 02, 2020 7:55:38 PM gui.log newInfo
INFO: Writing data in L2 from 1 core 0

Jun 02, 2020 7:55:39 PM gui.log newInfo
INFO: P0, 1: CALC ; 

Jun 02, 2020 7:55:39 PM gui.log newInfo
INFO: CALC operation in 0 core 1

Jun 02, 2020 7:55:39 PM gui.log newInfo
INFO: Updating L1 of 1 core 1 with memory data

Jun 02, 2020 7:55:40 PM gui.log newInfo
INFO: P1, 0: READ 1100; 

Jun 02, 2020 7:55:40 PM gui.log newInfo
INFO: READ MISS on L1 from chip 1 core 0

Jun 02, 2020 7:55:40 PM gui.log newInfo
INFO: Try to get data from L2 of 1 core 0

Jun 02, 2020 7:55:40 PM gui.log newInfo
INFO: Searching on first L2 from 1 core 1

Jun 02, 2020 7:55:40 PM gui.log newInfo
INFO: P1, 1: WRITE 1001; c0

Jun 02, 2020 7:55:40 PM gui.log newInfo
INFO: Data from chip 1 core 0 not found in L2

Jun 02, 2020 7:55:40 PM gui.log newInfo
INFO: WRITE from chip 1 core 1

Jun 02, 2020 7:55:40 PM gui.log newInfo
INFO: Searching on second L2 from 1 core 1

Jun 02, 2020 7:55:40 PM gui.log newInfo
INFO: Writing data in L2 from 1 core 0

Jun 02, 2020 7:55:41 PM gui.log newInfo
INFO: P0, 1: CALC ; 

Jun 02, 2020 7:55:41 PM gui.log newInfo
INFO: CALC operation in 0 core 1

Jun 02, 2020 7:55:41 PM gui.log newInfo
INFO: Updating L1 of 1 core 0 with L2 data

Jun 02, 2020 7:55:42 PM gui.log newInfo
INFO: P1, 0: CALC ; 

Jun 02, 2020 7:55:42 PM gui.log newInfo
INFO: CALC operation in 1 core 0

Jun 02, 2020 7:55:43 PM gui.log newInfo
INFO: P0, 0: CALC ; 

Jun 02, 2020 7:55:43 PM gui.log newInfo
INFO: CALC operation in 0 core 0

Jun 02, 2020 7:55:43 PM gui.log newInfo
INFO: P0, 1: READ 0000; 

Jun 02, 2020 7:55:43 PM gui.log newInfo
INFO: READ MISS on L1 from chip 0 core 1

Jun 02, 2020 7:55:43 PM gui.log newInfo
INFO: Try to get data from L2 of 0 core 1

Jun 02, 2020 7:55:43 PM gui.log newInfo
INFO: Searching on first L2 from 0 core 1

Jun 02, 2020 7:55:43 PM gui.log newInfo
INFO: Data from chip 0 core 1 not found in L2

Jun 02, 2020 7:55:43 PM gui.log newInfo
INFO: Searching on second L2 from 0 core 1

Jun 02, 2020 7:55:43 PM gui.log newInfo
INFO: Writing data in L2 from 0 core 0

Jun 02, 2020 7:55:44 PM gui.log newInfo
INFO: P1, 0: WRITE 1101; 655f

Jun 02, 2020 7:55:44 PM gui.log newInfo
INFO: WRITE from chip 1 core 0

Jun 02, 2020 7:55:44 PM gui.log newInfo
INFO: Updating L1 of 0 core 1with L2 data

Jun 02, 2020 7:55:45 PM gui.log newInfo
INFO: P0, 0: WRITE 1101; 12c8

Jun 02, 2020 7:55:45 PM gui.log newInfo
INFO: P1, 1: WRITE 0011; c9b8

Jun 02, 2020 7:55:45 PM gui.log newInfo
INFO: WRITE from chip 0 core 0

Jun 02, 2020 7:55:45 PM gui.log newInfo
INFO: WRITE from chip 1 core 1

Jun 02, 2020 7:55:45 PM gui.log newInfo
INFO: P0, 1: READ 1111; 

Jun 02, 2020 7:55:45 PM gui.log newInfo
INFO: READ MISS on L1 from chip 0 core 1

Jun 02, 2020 7:55:45 PM gui.log newInfo
INFO: Try to get data from L2 of 0 core 1

Jun 02, 2020 7:55:46 PM gui.log newInfo
INFO: Searching on first L2 from 0 core 1

Jun 02, 2020 7:55:46 PM gui.log newInfo
INFO: Updating L1 of 0 core 1with L2 data

Jun 02, 2020 7:55:47 PM gui.log newInfo
INFO: P0, 1: WRITE 0110; 4681

Jun 02, 2020 7:55:47 PM gui.log newInfo
INFO: WRITE from chip 0 core 1

Jun 02, 2020 7:55:48 PM gui.log newInfo
INFO: P1, 0: CALC ; 

Jun 02, 2020 7:55:48 PM gui.log newInfo
INFO: CALC operation in 1 core 0

Jun 02, 2020 7:55:49 PM gui.log newInfo
INFO: P0, 0: WRITE 0110; 4e4f

Jun 02, 2020 7:55:49 PM gui.log newInfo
INFO: WRITE from chip 0 core 0

Jun 02, 2020 7:55:50 PM gui.log newInfo
INFO: P1, 0: WRITE 1101; e11c

Jun 02, 2020 7:55:50 PM gui.log newInfo
INFO: WRITE from chip 1 core 0

Jun 02, 2020 7:55:51 PM gui.log newInfo
INFO: P1, 1: CALC ; 

Jun 02, 2020 7:55:51 PM gui.log newInfo
INFO: CALC operation in 1 core 1

Jun 02, 2020 7:55:52 PM gui.log newInfo
INFO: P0, 1: READ 1111; 

Jun 02, 2020 7:55:52 PM gui.log newInfo
INFO: READ MISS on L1 from chip 0 core 1

Jun 02, 2020 7:55:52 PM gui.log newInfo
INFO: Try to get data from L2 of 0 core 1

Jun 02, 2020 7:55:53 PM gui.log newInfo
INFO: P1, 1: CALC ; 

Jun 02, 2020 7:55:53 PM gui.log newInfo
INFO: CALC operation in 1 core 1

Jun 02, 2020 7:55:54 PM gui.log newInfo
INFO: Searching on first L2 from 0 core 1

Jun 02, 2020 7:55:54 PM gui.log newInfo
INFO: P0, 0: WRITE 1100; eabb

Jun 02, 2020 7:55:54 PM gui.log newInfo
INFO: WRITE from chip 0 core 0

Jun 02, 2020 7:55:54 PM gui.log newInfo
INFO: Updating L1 of 0 core 1with L2 data

Jun 02, 2020 7:55:55 PM gui.log newInfo
INFO: P1, 1: READ 1001; 

Jun 02, 2020 7:55:55 PM gui.log newInfo
INFO: READ MISS on L1 from chip 1 core 1

Jun 02, 2020 7:55:55 PM gui.log newInfo
INFO: Searching on first L2 from 1 core 1

Jun 02, 2020 7:55:55 PM gui.log newInfo
INFO: Try to get data from L2 of 1 core 1

Jun 02, 2020 7:55:55 PM gui.log newInfo
INFO: Data from chip 1 core 1 not found in L2

Jun 02, 2020 7:55:55 PM gui.log newInfo
INFO: Searching on second L2 from 1 core 1

Jun 02, 2020 7:55:55 PM gui.log newInfo
INFO: Writing data in L2 from 1 core 0

Jun 02, 2020 7:55:55 PM gui.log newInfo
INFO: P0, 1: WRITE 0011; ab12

Jun 02, 2020 7:55:55 PM gui.log newInfo
INFO: WRITE from chip 0 core 1

Jun 02, 2020 7:55:56 PM gui.log newInfo
INFO: P1, 0: CALC ; 

Jun 02, 2020 7:55:56 PM gui.log newInfo
INFO: CALC operation in 1 core 0

Jun 02, 2020 7:55:56 PM gui.log newInfo
INFO: Updating L1 of 1 core 1with L2 data

Jun 02, 2020 7:55:57 PM gui.log newInfo
INFO: P1, 1: CALC ; 

Jun 02, 2020 7:55:57 PM gui.log newInfo
INFO: CALC operation in 1 core 1

Jun 02, 2020 7:55:58 PM gui.log newInfo
INFO: P1, 0: READ 0110; 

Jun 02, 2020 7:55:58 PM gui.log newInfo
INFO: P0, 0: CALC ; 

Jun 02, 2020 7:55:58 PM gui.log newInfo
INFO: READ MISS on L1 from chip 1 core 0

Jun 02, 2020 7:55:58 PM gui.log newInfo
INFO: CALC operation in 0 core 0

Jun 02, 2020 7:55:58 PM gui.log newInfo
INFO: Try to get data from L2 of 1 core 0

Jun 02, 2020 7:55:58 PM gui.log newInfo
INFO: Searching on first L2 from1 core 1

Jun 02, 2020 7:55:58 PM gui.log newInfo
INFO: Data from chip 1 core 0 not found in L2

Jun 02, 2020 7:55:58 PM gui.log newInfo
INFO: Searching on second L2 from 1 core 1

Jun 02, 2020 7:55:58 PM gui.log newInfo
INFO: Writing data in L2 from 1 core 0

Jun 02, 2020 7:55:59 PM gui.log newInfo
INFO: Updating L1 of 1 core 0with L2 data

Jun 02, 2020 7:55:59 PM gui.log newInfo
INFO: P1, 1: WRITE 1011; b7d0

Jun 02, 2020 7:55:59 PM gui.log newInfo
INFO: WRITE from chip 1 core 1

Jun 02, 2020 7:55:59 PM gui.log newInfo
INFO: P0, 1: WRITE 1101; 4316

Jun 02, 2020 7:55:59 PM gui.log newInfo
INFO: WRITE from chip 0 core 1

Jun 02, 2020 7:56:00 PM gui.log newInfo
INFO: P0, 0: CALC ; 

Jun 02, 2020 7:56:00 PM gui.log newInfo
INFO: CALC operation in 0 core 0

Jun 02, 2020 7:56:00 PM gui.log newInfo
INFO: P1, 0: WRITE 1011; f219

Jun 02, 2020 7:56:00 PM gui.log newInfo
INFO: WRITE from chip 1 core 0

Jun 02, 2020 7:56:02 PM gui.log newInfo
INFO: P0, 0: WRITE 1001; 5c50

Jun 02, 2020 7:56:02 PM gui.log newInfo
INFO: WRITE from chip 0 core 0

Jun 02, 2020 7:56:04 PM gui.log newInfo
INFO: P1, 1: CALC ; 

Jun 02, 2020 7:56:04 PM gui.log newInfo
INFO: CALC operation in 1 core 1

Jun 02, 2020 7:56:05 PM gui.log newInfo
INFO: P1, 0: READ 1011; 

Jun 02, 2020 7:56:05 PM gui.log newInfo
INFO: READ on L1 from chip 1 core 0

Jun 02, 2020 7:56:06 PM gui.log newInfo
INFO: P0, 0: WRITE 0000; 1404

Jun 02, 2020 7:56:06 PM gui.log newInfo
INFO: WRITE from chip 0 core 0

Jun 02, 2020 7:56:06 PM gui.log newInfo
INFO: P1, 1: READ 1111; 

Jun 02, 2020 7:56:06 PM gui.log newInfo
INFO: READ MISS on L1 from chip 1 core 1

Jun 02, 2020 7:56:06 PM gui.log newInfo
INFO: Try to get data from L2 of 1 core 1

Jun 02, 2020 7:56:07 PM gui.log newInfo
INFO: P1, 0: WRITE 0101; d9ae

Jun 02, 2020 7:56:07 PM gui.log newInfo
INFO: WRITE from chip 1 core 0

Jun 02, 2020 7:56:08 PM gui.log newInfo
INFO: P0, 1: WRITE 0010; 9335

Jun 02, 2020 7:56:08 PM gui.log newInfo
INFO: WRITE from chip 0 core 1

Jun 02, 2020 7:56:10 PM gui.log newInfo
INFO: Searching on first L2 from 1 core 1

Jun 02, 2020 7:56:10 PM gui.log newInfo
INFO: Data from chip 1 core 1 not found in L2

Jun 02, 2020 7:56:10 PM gui.log newInfo
INFO: Searching on second L2 from 1 core 1

Jun 02, 2020 7:56:10 PM gui.log newInfo
INFO: P0, 0: WRITE 1011; 6bc7

Jun 02, 2020 7:56:10 PM gui.log newInfo
INFO: Writing data in L2 from 1 core 0

Jun 02, 2020 7:56:10 PM gui.log newInfo
INFO: WRITE from chip 0 core 0

Jun 02, 2020 7:56:11 PM gui.log newInfo
INFO: Updating L1 of 1 core 1with L2 data

Jun 02, 2020 7:56:12 PM gui.log newInfo
INFO: P1, 1: WRITE 1001; 318d

Jun 02, 2020 7:56:12 PM gui.log newInfo
INFO: WRITE from chip 1 core 1

Jun 02, 2020 7:56:13 PM gui.log newInfo
INFO: P1, 0: WRITE 1110; f09c

Jun 02, 2020 7:56:13 PM gui.log newInfo
INFO: WRITE from chip 1 core 0

Jun 02, 2020 7:56:13 PM gui.log newInfo
INFO: P0, 1: CALC ; 

Jun 02, 2020 7:56:13 PM gui.log newInfo
INFO: CALC operation in 0 core 1

Jun 02, 2020 7:56:15 PM gui.log newInfo
INFO: P0, 0: READ 1000; 

Jun 02, 2020 7:56:15 PM gui.log newInfo
INFO: READ MISS on L1 from chip 0 core 0

Jun 02, 2020 7:56:15 PM gui.log newInfo
INFO: Try to get data from L2 of 0 core 0

Jun 02, 2020 7:56:15 PM gui.log newInfo
INFO: P0, 1: CALC ; 

Jun 02, 2020 7:56:15 PM gui.log newInfo
INFO: CALC operation in 0 core 1

Jun 02, 2020 7:56:17 PM gui.log newInfo
INFO: Searching on first L2 from0 core 1

Jun 02, 2020 7:56:17 PM gui.log newInfo
INFO: Data from chip 0 core 0 not found in L2

Jun 02, 2020 7:56:17 PM gui.log newInfo
INFO: Searching on second L2 from 0 core 1

Jun 02, 2020 7:56:17 PM gui.log newInfo
INFO: Writing data in L2 from 0 core 0

Jun 02, 2020 7:56:17 PM gui.log newInfo
INFO: Updating L1 of 0 core 0with L2 data

Jun 02, 2020 7:56:17 PM gui.log newInfo
INFO: P0, 1: CALC ; 

Jun 02, 2020 7:56:17 PM gui.log newInfo
INFO: CALC operation in 0 core 1

Jun 02, 2020 7:56:18 PM gui.log newInfo
INFO: P1, 0: READ 0001; 

Jun 02, 2020 7:56:18 PM gui.log newInfo
INFO: READ MISS on L1 from chip 1 core 0

Jun 02, 2020 7:56:18 PM gui.log newInfo
INFO: Try to get data from L2 of 1 core 0

Jun 02, 2020 7:56:18 PM gui.log newInfo
INFO: Searching on first L2 from1 core 1

Jun 02, 2020 7:56:18 PM gui.log newInfo
INFO: Data from chip 1 core 0 not found in L2

Jun 02, 2020 7:56:18 PM gui.log newInfo
INFO: Searching on second L2 from 1 core 1

Jun 02, 2020 7:56:18 PM gui.log newInfo
INFO: Writing data in L2 from 1 core 0

Jun 02, 2020 7:56:18 PM gui.log newInfo
INFO: P0, 0: CALC ; 

Jun 02, 2020 7:56:18 PM gui.log newInfo
INFO: CALC operation in 0 core 0

Jun 02, 2020 7:56:19 PM gui.log newInfo
INFO: Updating L1 of 1 core 0with L2 data

Jun 02, 2020 7:56:19 PM gui.log newInfo
INFO: P1, 1: CALC ; 

Jun 02, 2020 7:56:19 PM gui.log newInfo
INFO: CALC operation in 1 core 1

Jun 02, 2020 7:56:19 PM gui.log newInfo
INFO: P0, 1: READ 0111; 

Jun 02, 2020 7:56:19 PM gui.log newInfo
INFO: READ MISS on L1 from chip 0 core 1

Jun 02, 2020 7:56:19 PM gui.log newInfo
INFO: Try to get data from L2 of 0 core 1

Jun 02, 2020 7:56:19 PM gui.log newInfo
INFO: Searching on first L2 from 0 core 1

Jun 02, 2020 7:56:19 PM gui.log newInfo
INFO: Data from chip 0 core 1 not found in L2

Jun 02, 2020 7:56:19 PM gui.log newInfo
INFO: Searching on second L2 from 0 core 1

Jun 02, 2020 7:56:19 PM gui.log newInfo
INFO: Writing data in L2 from 0 core 0

Jun 02, 2020 7:56:20 PM gui.log newInfo
INFO: P1, 0: CALC ; 

Jun 02, 2020 7:56:20 PM gui.log newInfo
INFO: CALC operation in 1 core 0

Jun 02, 2020 7:56:20 PM gui.log newInfo
INFO: P0, 0: WRITE 1111; e0f7

Jun 02, 2020 7:56:20 PM gui.log newInfo
INFO: WRITE from chip 0 core 0

Jun 02, 2020 7:56:20 PM gui.log newInfo
INFO: Updating L1 of 0 core 1with L2 data

Jun 02, 2020 7:56:21 PM gui.log newInfo
INFO: P1, 1: WRITE 1011; 7417

Jun 02, 2020 7:56:21 PM gui.log newInfo
INFO: WRITE from chip 1 core 1

Jun 02, 2020 7:56:21 PM gui.log newInfo
INFO: P0, 1: WRITE 1000; 7179

Jun 02, 2020 7:56:21 PM gui.log newInfo
INFO: WRITE from chip 0 core 1

Jun 02, 2020 7:56:22 PM gui.log newInfo
INFO: P1, 0: WRITE 0011; 9c74

Jun 02, 2020 7:56:22 PM gui.log newInfo
INFO: WRITE from chip 1 core 0

Jun 02, 2020 7:56:25 PM gui.log newInfo
INFO: P0, 0: READ 0010; 

Jun 02, 2020 7:56:25 PM gui.log newInfo
INFO: READ MISS on L1 from chip 0 core 0

Jun 02, 2020 7:56:25 PM gui.log newInfo
INFO: Try to get data from L2 of 0 core 0

Jun 02, 2020 7:56:26 PM gui.log newInfo
INFO: P0, 1: CALC ; 

Jun 02, 2020 7:56:26 PM gui.log newInfo
INFO: CALC operation in 0 core 1

Jun 02, 2020 7:56:28 PM gui.log newInfo
INFO: Searching on first L2 from0 core 1

Jun 02, 2020 7:56:28 PM gui.log newInfo
INFO: Data from chip 0 core 0 not found in L2

Jun 02, 2020 7:56:28 PM gui.log newInfo
INFO: Searching on second L2 from 0 core 1

Jun 02, 2020 7:56:28 PM gui.log newInfo
INFO: Writing data in L2 from 0 core 0

Jun 02, 2020 7:56:28 PM gui.log newInfo
INFO: Updating L1 of 0 core 0with L2 data

Jun 02, 2020 7:56:28 PM gui.log newInfo
INFO: P0, 1: WRITE 1001; bae4

Jun 02, 2020 7:56:28 PM gui.log newInfo
INFO: WRITE from chip 0 core 1

Jun 02, 2020 7:56:29 PM gui.log newInfo
INFO: P1, 0: WRITE 1011; 4123

Jun 02, 2020 7:56:29 PM gui.log newInfo
INFO: WRITE from chip 1 core 0

Jun 02, 2020 7:56:29 PM gui.log newInfo
INFO: P0, 0: READ 1101; 

Jun 02, 2020 7:56:29 PM gui.log newInfo
INFO: READ MISS on L1 from chip 0 core 0

Jun 02, 2020 7:56:29 PM gui.log newInfo
INFO: Try to get data from L2 of 0 core 0

Jun 02, 2020 7:56:29 PM gui.log newInfo
INFO: Searching on first L2 from0 core 1

Jun 02, 2020 7:56:29 PM gui.log newInfo
INFO: Data from chip 0 core 0 not found in L2

Jun 02, 2020 7:56:29 PM gui.log newInfo
INFO: Searching on second L2 from 0 core 1

Jun 02, 2020 7:56:29 PM gui.log newInfo
INFO: Writing data in L2 from 0 core 0

Jun 02, 2020 7:56:30 PM gui.log newInfo
INFO: P1, 1: READ 1011; 

Jun 02, 2020 7:56:30 PM gui.log newInfo
INFO: READ on L1 from chip 1 core 1

Jun 02, 2020 7:56:30 PM gui.log newInfo
INFO: Updating L1 of 0 core 0with L2 data

Jun 02, 2020 7:56:31 PM gui.log newInfo
INFO: P0, 0: WRITE 0001; cd5a

Jun 02, 2020 7:56:31 PM gui.log newInfo
INFO: WRITE from chip 0 core 0

Jun 02, 2020 7:56:32 PM gui.log newInfo
INFO: P1, 1: READ 0001; 

Jun 02, 2020 7:56:32 PM gui.log newInfo
INFO: READ MISS on L1 from chip 1 core 1

Jun 02, 2020 7:56:32 PM gui.log newInfo
INFO: Try to get data from L2 of 1 core 1

Jun 02, 2020 7:56:32 PM gui.log newInfo
INFO: P0, 1: WRITE 0001; 2f5b

Jun 02, 2020 7:56:32 PM gui.log newInfo
INFO: WRITE from chip 0 core 1

Jun 02, 2020 7:56:34 PM gui.log newInfo
INFO: P1, 0: READ 0001; 

Jun 02, 2020 7:56:34 PM gui.log newInfo
INFO: READ MISS on L1 from chip 1 core 0

Jun 02, 2020 7:56:34 PM gui.log newInfo
INFO: Try to get data from L2 of 1 core 0

Jun 02, 2020 7:56:35 PM gui.log newInfo
INFO: Searching on first L2 from1 core 1

Jun 02, 2020 7:56:35 PM gui.log newInfo
INFO: Data from chip 1 core 0 not found in L2

Jun 02, 2020 7:56:35 PM gui.log newInfo
INFO: Searching on second L2 from 1 core 1

Jun 02, 2020 7:56:35 PM gui.log newInfo
INFO: Writing data in L2 from 1 core 0

Jun 02, 2020 7:56:35 PM gui.log newInfo
INFO: Searching on first L2 from 1 core 1

Jun 02, 2020 7:56:35 PM gui.log newInfo
INFO: Data from chip 1 core 1 not found in L2

Jun 02, 2020 7:56:35 PM gui.log newInfo
INFO: Searching on second L2 from 1 core 1

Jun 02, 2020 7:56:35 PM gui.log newInfo
INFO: Writing data in L2 from 1 core 0

Jun 02, 2020 7:56:36 PM gui.log newInfo
INFO: Updating L1 of 1 core 0with L2 data

Jun 02, 2020 7:56:36 PM gui.log newInfo
INFO: Updating L1 of 1 core 1with L2 data

Jun 02, 2020 7:56:36 PM gui.log newInfo
INFO: P0, 0: WRITE 0110; 493c

Jun 02, 2020 7:56:36 PM gui.log newInfo
INFO: WRITE from chip 0 core 0

Jun 02, 2020 7:56:37 PM gui.log newInfo
INFO: P1, 0: CALC ; 

Jun 02, 2020 7:56:37 PM gui.log newInfo
INFO: P1, 1: READ 0111; 

Jun 02, 2020 7:56:37 PM gui.log newInfo
INFO: CALC operation in1 core 0

Jun 02, 2020 7:56:37 PM gui.log newInfo
INFO: READ MISS on L1 from chip 1 core 1

Jun 02, 2020 7:56:37 PM gui.log newInfo
INFO: Try to get data from L2 of 1 core 1

Jun 02, 2020 7:56:38 PM gui.log newInfo
INFO: Searching on first L2 from 1 core 1

Jun 02, 2020 7:56:38 PM gui.log newInfo
INFO: Data from chip 1 core 1 not found in L2

Jun 02, 2020 7:56:38 PM gui.log newInfo
INFO: Searching on second L2 from 1 core 1

Jun 02, 2020 7:56:38 PM gui.log newInfo
INFO: P0, 1: WRITE 0111; 8b4b

Jun 02, 2020 7:56:38 PM gui.log newInfo
INFO: Writing data in L2 from 1 core 0

Jun 02, 2020 7:56:38 PM gui.log newInfo
INFO: WRITE from chip 0 core 1

Jun 02, 2020 7:56:39 PM gui.log newInfo
INFO: P1, 0: READ 0111; 

Jun 02, 2020 7:56:39 PM gui.log newInfo
INFO: READ MISS on L1 from chip 1 core 0

Jun 02, 2020 7:56:39 PM gui.log newInfo
INFO: Updating L1 of 1 core 1with L2 data

Jun 02, 2020 7:56:39 PM gui.log newInfo
INFO: Try to get data from L2 of 1 core 0

Jun 02, 2020 7:56:40 PM gui.log newInfo
INFO: P1, 1: READ 0001; 

Jun 02, 2020 7:56:40 PM gui.log newInfo
INFO: READ MISS on L1 from chip 1 core 1

Jun 02, 2020 7:56:40 PM gui.log newInfo
INFO: Try to get data from L2 of 1 core 1

Jun 02, 2020 7:56:40 PM gui.log newInfo
INFO: Searching on first L2 from1 core 1

Jun 02, 2020 7:56:40 PM gui.log newInfo
INFO: Data from chip 1 core 0 not found in L2

Jun 02, 2020 7:56:40 PM gui.log newInfo
INFO: Searching on second L2 from 1 core 1

Jun 02, 2020 7:56:40 PM gui.log newInfo
INFO: Searching on first L2 from 1 core 1

Jun 02, 2020 7:56:40 PM gui.log newInfo
INFO: Data from chip 1 core 1 not found in L2

Jun 02, 2020 7:56:40 PM gui.log newInfo
INFO: Searching on second L2 from 1 core 1

Jun 02, 2020 7:56:41 PM gui.log newInfo
INFO: Updating L1 of 1 core 0with L2 data

Jun 02, 2020 7:56:41 PM gui.log newInfo
INFO: Updating L1 of 1 core 1with L2 data

Jun 02, 2020 7:56:41 PM gui.log newInfo
INFO: P0, 0: CALC ; 

Jun 02, 2020 7:56:41 PM gui.log newInfo
INFO: CALC operation in 0 core 0

Jun 02, 2020 7:56:42 PM gui.log newInfo
INFO: P1, 0: CALC ; 

Jun 02, 2020 7:56:42 PM gui.log newInfo
INFO: CALC operation in 1 core 0

Jun 02, 2020 7:56:42 PM gui.log newInfo
INFO: P1, 1: WRITE 0100; 3382

Jun 02, 2020 7:56:42 PM gui.log newInfo
INFO: WRITE from chip 1 core 1

Jun 02, 2020 7:56:42 PM gui.log newInfo
INFO: P0, 1: CALC ; 

Jun 02, 2020 7:56:42 PM gui.log newInfo
INFO: CALC operation in 0 core 1

Jun 02, 2020 7:56:43 PM gui.log newInfo
INFO: P0, 0: CALC ; 

Jun 02, 2020 7:56:43 PM gui.log newInfo
INFO: CALC operation in 0 core 0

Jun 02, 2020 7:56:44 PM gui.log newInfo
INFO: P1, 0: WRITE 0011; af04

Jun 02, 2020 7:56:44 PM gui.log newInfo
INFO: WRITE from chip 1 core 0

Jun 02, 2020 7:56:44 PM gui.log newInfo
INFO: P0, 1: READ 1000; 

Jun 02, 2020 7:56:44 PM gui.log newInfo
INFO: READ MISS on L1 from chip 0 core 1

Jun 02, 2020 7:56:44 PM gui.log newInfo
INFO: Try to get data from L2 of 0 core 1

Jun 02, 2020 7:56:45 PM gui.log newInfo
INFO: P0, 0: WRITE 1110; d156

Jun 02, 2020 7:56:45 PM gui.log newInfo
INFO: WRITE from chip 0 core 0

Jun 02, 2020 7:56:46 PM gui.log newInfo
INFO: P1, 1: READ 1111; 

Jun 02, 2020 7:56:46 PM gui.log newInfo
INFO: READ MISS on L1 from chip 1 core 1

Jun 02, 2020 7:56:46 PM gui.log newInfo
INFO: Try to get data from L2 of 1 core 1

Jun 02, 2020 7:56:48 PM gui.log newInfo
INFO: Searching on first L2 from 0 core 1

Jun 02, 2020 7:56:48 PM gui.log newInfo
INFO: Data from chip 0 core 1 not found in L2

Jun 02, 2020 7:56:48 PM gui.log newInfo
INFO: Searching on second L2 from 0 core 1

Jun 02, 2020 7:56:48 PM gui.log newInfo
INFO: Writing data in L2 from 0 core 0

Jun 02, 2020 7:56:48 PM gui.log newInfo
INFO: Searching on first L2 from 1 core 1

Jun 02, 2020 7:56:48 PM gui.log newInfo
INFO: Data from chip 1 core 1 not found in L2

Jun 02, 2020 7:56:48 PM gui.log newInfo
INFO: Searching on second L2 from 1 core 1

Jun 02, 2020 7:56:48 PM gui.log newInfo
INFO: Updating L1 of 0 core 1with L2 data

Jun 02, 2020 7:56:49 PM gui.log newInfo
INFO: P1, 0: WRITE 0100; b8cc

Jun 02, 2020 7:56:49 PM gui.log newInfo
INFO: WRITE from chip 1 core 0

Jun 02, 2020 7:56:49 PM gui.log newInfo
INFO: Updating L1 of 1 core 1with L2 data

Jun 02, 2020 7:56:49 PM gui.log newInfo
INFO: P0, 1: READ 1100; 

Jun 02, 2020 7:56:49 PM gui.log newInfo
INFO: READ MISS on L1 from chip 0 core 1

Jun 02, 2020 7:56:49 PM gui.log newInfo
INFO: Try to get data from L2 of 0 core 1

Jun 02, 2020 7:56:50 PM gui.log newInfo
INFO: P1, 1: READ 0010; 

Jun 02, 2020 7:56:50 PM gui.log newInfo
INFO: READ MISS on L1 from chip 1 core 1

Jun 02, 2020 7:56:50 PM gui.log newInfo
INFO: Try to get data from L2 of 1 core 1

Jun 02, 2020 7:56:50 PM gui.log newInfo
INFO: P0, 0: WRITE 1110; d553

Jun 02, 2020 7:56:50 PM gui.log newInfo
INFO: WRITE from chip 0 core 0

Jun 02, 2020 7:56:51 PM gui.log newInfo
INFO: Searching on first L2 from 1 core 1

Jun 02, 2020 7:56:51 PM gui.log newInfo
INFO: Data from chip 1 core 1 not found in L2

Jun 02, 2020 7:56:51 PM gui.log newInfo
INFO: Searching on second L2 from 1 core 1

Jun 02, 2020 7:56:51 PM gui.log newInfo
INFO: Updating L1 of 1 core 1with L2 data

Jun 02, 2020 7:56:52 PM gui.log newInfo
INFO: P1, 1: WRITE 0111; 2e6a

Jun 02, 2020 7:56:52 PM gui.log newInfo
INFO: WRITE from chip 1 core 1

Jun 02, 2020 7:56:53 PM gui.log newInfo
INFO: P1, 0: CALC ; 

Jun 02, 2020 7:56:53 PM gui.log newInfo
INFO: CALC operation in 1 core 0

Jun 02, 2020 7:56:53 PM gui.log newInfo
INFO: Searching on first L2 from 0 core 1

Jun 02, 2020 7:56:53 PM gui.log newInfo
INFO: Data from chip 0 core 1 not found in L2

Jun 02, 2020 7:56:53 PM gui.log newInfo
INFO: Searching on second L2 from 0 core 1

Jun 02, 2020 7:56:53 PM gui.log newInfo
INFO: Writing data in L2 from 0 core 0

Jun 02, 2020 7:56:53 PM gui.log newInfo
INFO: Updating L1 of 0 core 1with L2 data

Jun 02, 2020 7:56:54 PM gui.log newInfo
INFO: P0, 1: READ 1001; 

Jun 02, 2020 7:56:54 PM gui.log newInfo
INFO: READ MISS on L1 from chip 0 core 1

Jun 02, 2020 7:56:54 PM gui.log newInfo
INFO: Try to get data from L2 of 0 core 1

Jun 02, 2020 7:56:55 PM gui.log newInfo
INFO: P1, 0: CALC ; 

Jun 02, 2020 7:56:55 PM gui.log newInfo
INFO: CALC operation in 1 core 0

Jun 02, 2020 7:56:55 PM gui.log newInfo
INFO: Searching on first L2 from 0 core 1

Jun 02, 2020 7:56:55 PM gui.log newInfo
INFO: Data from chip 0 core 1 not found in L2

Jun 02, 2020 7:56:55 PM gui.log newInfo
INFO: Searching on second L2 from 0 core 1

Jun 02, 2020 7:56:55 PM gui.log newInfo
INFO: Writing data in L2 from 0 core 0

Jun 02, 2020 7:56:55 PM gui.log newInfo
INFO: P0, 0: READ 0110; 

Jun 02, 2020 7:56:55 PM gui.log newInfo
INFO: READ MISS on L1 from chip 0 core 0

Jun 02, 2020 7:56:55 PM gui.log newInfo
INFO: Try to get data from L2 of 0 core 0

Jun 02, 2020 7:56:55 PM gui.log newInfo
INFO: Searching on first L2 from0 core 1

Jun 02, 2020 7:56:55 PM gui.log newInfo
INFO: Data from chip 0 core 0 not found in L2

Jun 02, 2020 7:56:55 PM gui.log newInfo
INFO: Searching on second L2 from 0 core 1

Jun 02, 2020 7:56:55 PM gui.log newInfo
INFO: Writing data in L2 from 0 core 0

Jun 02, 2020 7:56:55 PM gui.log newInfo
INFO: Updating L1 of 0 core 1with L2 data

Jun 02, 2020 7:56:56 PM gui.log newInfo
INFO: Updating L1 of 0 core 0with L2 data

Jun 02, 2020 7:56:56 PM gui.log newInfo
INFO: P0, 1: CALC ; 

Jun 02, 2020 7:56:56 PM gui.log newInfo
INFO: CALC operation in 0 core 1

Jun 02, 2020 7:56:57 PM gui.log newInfo
INFO: P1, 0: WRITE 0001; 7158

Jun 02, 2020 7:56:57 PM gui.log newInfo
INFO: WRITE from chip 1 core 0

Jun 02, 2020 7:56:57 PM gui.log newInfo
INFO: P1, 1: CALC ; 

Jun 02, 2020 7:56:57 PM gui.log newInfo
INFO: CALC operation in 1 core 1

Jun 02, 2020 7:56:57 PM gui.log newInfo
INFO: P0, 0: CALC ; 

Jun 02, 2020 7:56:57 PM gui.log newInfo
INFO: CALC operation in 0 core 0

Jun 02, 2020 7:56:58 PM gui.log newInfo
INFO: P0, 1: READ 1110; 

Jun 02, 2020 7:56:58 PM gui.log newInfo
INFO: READ MISS on L1 from chip 0 core 1

Jun 02, 2020 7:56:58 PM gui.log newInfo
INFO: Searching on first L2 from 0 core 1

Jun 02, 2020 7:56:58 PM gui.log newInfo
INFO: Try to get data from L2 of 0 core 1

Jun 02, 2020 7:56:58 PM gui.log newInfo
INFO: Data from chip 0 core 1 not found in L2

Jun 02, 2020 7:56:58 PM gui.log newInfo
INFO: Searching on second L2 from 0 core 1

Jun 02, 2020 7:56:58 PM gui.log newInfo
INFO: Writing data in L2 from 0 core 0

Jun 02, 2020 7:56:59 PM gui.log newInfo
INFO: P1, 1: CALC ; 

Jun 02, 2020 7:56:59 PM gui.log newInfo
INFO: CALC operation in 1 core 1

Jun 02, 2020 7:56:59 PM gui.log newInfo
INFO: P0, 0: WRITE 0001; 2a2c

Jun 02, 2020 7:56:59 PM gui.log newInfo
INFO: WRITE from chip 0 core 0

Jun 02, 2020 7:56:59 PM gui.log newInfo
INFO: Updating L1 of 0 core 1with L2 data

Jun 02, 2020 7:57:00 PM gui.log newInfo
INFO: P1, 0: READ 1110; 

Jun 02, 2020 7:57:00 PM gui.log newInfo
INFO: READ MISS on L1 from chip 1 core 0

Jun 02, 2020 7:57:00 PM gui.log newInfo
INFO: Try to get data from L2 of 1 core 0

Jun 02, 2020 7:57:00 PM gui.log newInfo
INFO: Searching on first L2 from1 core 1

Jun 02, 2020 7:57:00 PM gui.log newInfo
INFO: Data from chip 1 core 0 not found in L2

Jun 02, 2020 7:57:00 PM gui.log newInfo
INFO: Searching on second L2 from 1 core 1

Jun 02, 2020 7:57:00 PM gui.log newInfo
INFO: P0, 1: READ 0111; 

Jun 02, 2020 7:57:00 PM gui.log newInfo
INFO: READ MISS on L1 from chip 0 core 1

Jun 02, 2020 7:57:00 PM gui.log newInfo
INFO: Try to get data from L2 of 0 core 1

Jun 02, 2020 7:57:00 PM gui.log newInfo
INFO: Searching on first L2 from 0 core 1

Jun 02, 2020 7:57:01 PM gui.log newInfo
INFO: Updating L1 of 1 core 0with L2 data

Jun 02, 2020 7:57:01 PM gui.log newInfo
INFO: P1, 1: CALC ; 

Jun 02, 2020 7:57:01 PM gui.log newInfo
INFO: CALC operation in 1 core 1

Jun 02, 2020 7:57:01 PM gui.log newInfo
INFO: Updating L1 of 0 core 1with L2 data

Jun 02, 2020 7:57:02 PM gui.log newInfo
INFO: P1, 0: CALC ; 

Jun 02, 2020 7:57:02 PM gui.log newInfo
INFO: CALC operation in 1 core 0

Jun 02, 2020 7:57:02 PM gui.log newInfo
INFO: P0, 0: READ 0001; 

Jun 02, 2020 7:57:02 PM gui.log newInfo
INFO: READ on L1 from chip 0 core 0

Jun 02, 2020 7:57:03 PM gui.log newInfo
INFO: P0, 1: CALC ; 

Jun 02, 2020 7:57:03 PM gui.log newInfo
INFO: CALC operation in 0 core 1

Jun 02, 2020 7:57:03 PM gui.log newInfo
INFO: P1, 1: READ 0010; 

Jun 02, 2020 7:57:03 PM gui.log newInfo
INFO: READ MISS on L1 from chip 1 core 1

Jun 02, 2020 7:57:03 PM gui.log newInfo
INFO: Searching on first L2 from 1 core 1

Jun 02, 2020 7:57:03 PM gui.log newInfo
INFO: Try to get data from L2 of 1 core 1

Jun 02, 2020 7:57:03 PM gui.log newInfo
INFO: Data from chip 1 core 1 not found in L2

Jun 02, 2020 7:57:03 PM gui.log newInfo
INFO: Searching on second L2 from 1 core 1

Jun 02, 2020 7:57:04 PM gui.log newInfo
INFO: P0, 0: WRITE 1111; 8ddf

Jun 02, 2020 7:57:04 PM gui.log newInfo
INFO: WRITE from chip 0 core 0

Jun 02, 2020 7:57:04 PM gui.log newInfo
INFO: Updating L1 of 1 core 1with L2 data

Jun 02, 2020 7:57:04 PM gui.log newInfo
INFO: P1, 0: WRITE 0101; bc6c

Jun 02, 2020 7:57:04 PM gui.log newInfo
INFO: WRITE from chip 1 core 0

Jun 02, 2020 7:57:05 PM gui.log newInfo
INFO: P0, 1: WRITE 0001; 72de

Jun 02, 2020 7:57:05 PM gui.log newInfo
INFO: WRITE from chip 0 core 1

Jun 02, 2020 7:57:05 PM gui.log newInfo
INFO: P1, 1: WRITE 0101; ea1f

Jun 02, 2020 7:57:05 PM gui.log newInfo
INFO: WRITE from chip 1 core 1

